<?xml version="1.0" encoding="UTF-8"?>
<!-- Generated by org.testng.reporters.JUnitXMLReporter -->
<testsuite hostname="sdatta" ignored="3" name="Personal Loan" tests="9" failures="4" timestamp="16 Jun 2019 13:04:52 GMT" time="0.105" errors="0">
  <testcase name="Demo" time="0.009" classname="test.day1">
    <failure type="java.lang.AssertionError" message="expected [true] but found [false]">
      <![CDATA[java.lang.AssertionError: expected [true] but found [false]
at test.day1.Demo(day1.java:16)
... Removed 29 stack frames]]>
    </failure>
  </testcase> <!-- Demo -->
  <testcase name="tc2" time="0.003" classname="test.day1"/>
  <testcase name="func" time="0.0" classname="test.day2">
    <failure type="org.testng.TestNGException" message="
Parameter &amp;apos;URL&amp;apos; is required by @Test on method func but has not been marked @Optional or defined
in C:\Selenium\TestNGTutorial\testng3_group.xml">
      <![CDATA[org.testng.TestNGException: 
Parameter 'URL' is required by @Test on method func but has not been marked @Optional or defined
in C:\Selenium\TestNGTutorial\testng3_group.xml
... Removed 24 stack frames]]>
    </failure>
  </testcase> <!-- func -->
  <testcase name="tc4" time="0.0" classname="test.day2">
    <failure type="org.testng.TestNGException" message="
Parameter &amp;apos;URL&amp;apos; is required by @Test on method tc4 but has not been marked @Optional or defined
in C:\Selenium\TestNGTutorial\testng3_group.xml">
      <![CDATA[org.testng.TestNGException: 
Parameter 'URL' is required by @Test on method tc4 but has not been marked @Optional or defined
in C:\Selenium\TestNGTutorial\testng3_group.xml
... Removed 24 stack frames]]>
    </failure>
  </testcase> <!-- tc4 -->
  <testcase name="func" time="0.002" classname="test.day4"/>
  <testcase name="homeapiloginhome4" time="0.011" classname="test.day4"/>
  <testcase name="paraloginhome10" time="0.0" classname="test.day4">
    <failure type="org.testng.TestNGException" message="
Cannot inject @Test annotated Method [paraloginhome10] with [class java.lang.String].
For more information on native dependency injection please refer to http://testng.org/doc/documentation-main.html#native-dependency-injection">
      <![CDATA[org.testng.TestNGException: 
Cannot inject @Test annotated Method [paraloginhome10] with [class java.lang.String].
For more information on native dependency injection please refer to http://testng.org/doc/documentation-main.html#native-dependency-injection
... Removed 24 stack frames]]>
    </failure>
  </testcase> <!-- paraloginhome10 -->
  <testcase name="paraloginhome100" time="0.003" classname="test.day4"/>
  <testcase name="apiloginhome4" time="0.002" classname="test.day4"/>
  <testcase name="webloginhome" time="0.0" classname="test.day4">
    <ignored/>
  </testcase> <!-- webloginhome -->
  <testcase name="tc3" time="0.0" classname="test.day2">
    <ignored/>
  </testcase> <!-- tc3 -->
  <testcase name="mobileloginhome" time="0.0" classname="test.day4">
    <ignored/>
  </testcase> <!-- mobileloginhome -->
</testsuite> <!-- Personal Loan -->
