<?xml version="1.0" encoding="UTF-8"?>
<!-- Generated by org.testng.reporters.JUnitXMLReporter -->
<testsuite hostname="sdatta" ignored="3" name="car_loan" tests="7" failures="1" timestamp="16 Jun 2019 13:06:37 GMT" time="0.092" errors="0">
  <testcase name="disout" time="0.014" classname="test.second"/>
  <testcase name="disout" time="0.002" classname="test.second"/>
  <testcase name="disout" time="0.002" classname="test.second"/>
  <testcase name="orange" time="0.0" classname="test.third">
    <failure type="org.testng.TestNGException" message="
Parameter &amp;apos;URL&amp;apos; is required by @Test on method orange but has not been marked @Optional or defined
in C:\Selenium\TestNGTutorial\testng10.xml">
      <![CDATA[org.testng.TestNGException: 
Parameter 'URL' is required by @Test on method orange but has not been marked @Optional or defined
in C:\Selenium\TestNGTutorial\testng10.xml
... Removed 24 stack frames]]>
    </failure>
  </testcase> <!-- orange -->
  <testcase name="xrange" time="0.011" classname="test.third"/>
  <testcase name="apple" time="0.002" classname="test.third"/>
  <testcase name="lion" time="0.0" classname="test.third">
    <skipped/>
  </testcase> <!-- lion -->
  <testcase name="display2" time="0.0" classname="test.second">
    <ignored/>
  </testcase> <!-- display2 -->
  <testcase name="fan" time="0.0" classname="test.third">
    <ignored/>
  </testcase> <!-- fan -->
  <testcase name="display" time="0.0" classname="test.second">
    <ignored/>
  </testcase> <!-- display -->
</testsuite> <!-- car_loan -->
