<?xml version="1.0" encoding="UTF-8"?>
<!-- Generated by org.testng.reporters.JUnitXMLReporter -->
<testsuite hostname="sdatta" ignored="1" name="Personal Loan" tests="34" failures="10" timestamp="16 Jun 2019 13:05:22 GMT" time="21.721" errors="0">
  <testcase name="Demo" time="0.008" classname="test.day1">
    <failure type="java.lang.AssertionError" message="expected [true] but found [false]">
      <![CDATA[java.lang.AssertionError: expected [true] but found [false]
at test.day1.Demo(day1.java:16)
... Removed 29 stack frames]]>
    </failure>
  </testcase> <!-- Demo -->
  <testcase name="tc2" time="0.002" classname="test.day1"/>
  <testcase name="disout" time="0.002" classname="test.second"/>
  <testcase name="disout" time="0.002" classname="test.second"/>
  <testcase name="disout" time="0.002" classname="test.second"/>
  <testcase name="display" time="0.001" classname="test.second"/>
  <testcase name="display2" time="0.002" classname="test.second">
    <failure type="java.lang.AssertionError" message="expected [true] but found [false]">
      <![CDATA[java.lang.AssertionError: expected [true] but found [false]
at test.second.display2(second.java:18)
... Removed 29 stack frames]]>
    </failure>
  </testcase> <!-- display2 -->
  <testcase name="func" time="0.0" classname="test.day2">
    <failure type="org.testng.TestNGException" message="
Parameter &amp;apos;URL&amp;apos; is required by @Test on method func but has not been marked @Optional or defined
in C:\Selenium\TestNGTutorial\testng2.xml">
      <![CDATA[org.testng.TestNGException: 
Parameter 'URL' is required by @Test on method func but has not been marked @Optional or defined
in C:\Selenium\TestNGTutorial\testng2.xml
... Removed 24 stack frames]]>
    </failure>
  </testcase> <!-- func -->
  <testcase name="tc3" time="0.001" classname="test.day2"/>
  <testcase name="tc4" time="0.0" classname="test.day2">
    <failure type="org.testng.TestNGException" message="
Parameter &amp;apos;URL&amp;apos; is required by @Test on method tc4 but has not been marked @Optional or defined
in C:\Selenium\TestNGTutorial\testng2.xml">
      <![CDATA[org.testng.TestNGException: 
Parameter 'URL' is required by @Test on method tc4 but has not been marked @Optional or defined
in C:\Selenium\TestNGTutorial\testng2.xml
... Removed 24 stack frames]]>
    </failure>
  </testcase> <!-- tc4 -->
  <testcase name="apple" time="0.002" classname="test.third"/>
  <testcase name="orange" time="0.0" classname="test.third">
    <failure type="org.testng.TestNGException" message="
Parameter &amp;apos;URL&amp;apos; is required by @Test on method orange but has not been marked @Optional or defined
in C:\Selenium\TestNGTutorial\testng2.xml">
      <![CDATA[org.testng.TestNGException: 
Parameter 'URL' is required by @Test on method orange but has not been marked @Optional or defined
in C:\Selenium\TestNGTutorial\testng2.xml
... Removed 24 stack frames]]>
    </failure>
  </testcase> <!-- orange -->
  <testcase name="xrange" time="0.009" classname="test.third"/>
  <testcase name="apilogincar_for_three" time="0.001" classname="test.day3"/>
  <testcase name="gettingdata" time="0.001" classname="test.day3"/>
  <testcase name="gettingdata" time="0.001" classname="test.day3"/>
  <testcase name="gettingdata" time="0.001" classname="test.day3"/>
  <testcase name="mobilelogincar_for_one" time="0.001" classname="test.day3"/>
  <testcase name="mobilelogincar_for_two" time="0.001" classname="test.day3"/>
  <testcase name="paraloginhome12" time="0.0" classname="test.day3">
    <failure type="org.testng.TestNGException" message="
Parameter &amp;apos;URL&amp;apos; is required by @Test on method paraloginhome12 but has not been marked @Optional or defined
in C:\Selenium\TestNGTutorial\testng2.xml">
      <![CDATA[org.testng.TestNGException: 
Parameter 'URL' is required by @Test on method paraloginhome12 but has not been marked @Optional or defined
in C:\Selenium\TestNGTutorial\testng2.xml
... Removed 24 stack frames]]>
    </failure>
  </testcase> <!-- paraloginhome12 -->
  <testcase name="weblogincar" time="0.001" classname="test.day3"/>
  <testcase name="lion" time="0.0" classname="test.third">
    <skipped/>
  </testcase> <!-- lion -->
  <testcase name="func" time="0.003" classname="test.day4"/>
  <testcase name="homeapiloginhome4" time="0.004" classname="test.day4"/>
  <testcase name="paraloginhome10" time="0.0" classname="test.day4">
    <failure type="org.testng.TestNGException" message="
Cannot inject @Test annotated Method [paraloginhome10] with [class java.lang.String].
For more information on native dependency injection please refer to http://testng.org/doc/documentation-main.html#native-dependency-injection">
      <![CDATA[org.testng.TestNGException: 
Cannot inject @Test annotated Method [paraloginhome10] with [class java.lang.String].
For more information on native dependency injection please refer to http://testng.org/doc/documentation-main.html#native-dependency-injection
... Removed 24 stack frames]]>
    </failure>
  </testcase> <!-- paraloginhome10 -->
  <testcase name="webloginhome" time="0.001" classname="test.day4"/>
  <testcase name="mobileloginhome" time="0.001" classname="test.day4"/>
  <testcase name="paraloginhome100" time="0.002" classname="test.day4"/>
  <testcase name="verifyHomepageTitle" time="21.51" classname="test.verify">
    <failure type="org.openqa.selenium.WebDriverException" message="chrome not reachable
  (Session info: chrome=75.0.3770.90)
  (Driver info: chromedriver=2.44.609538 (b655c5a60b0b544917107a59d4153d4bf78e1b90),platform=Windows NT 6.1.7601 SP1 x86_64) (WARNING: The server did not provide any stacktrace information)
Command duration or timeout: 0 milliseconds
Build info: version: &amp;apos;3.141.59&amp;apos;, revision: &amp;apos;e82be7d358&amp;apos;, time: &amp;apos;2018-11-14T08:25:53&amp;apos;
System info: host: &amp;apos;SDATTA&amp;apos;, ip: &amp;apos;169.254.251.241&amp;apos;, os.name: &amp;apos;Windows 7&amp;apos;, os.arch: &amp;apos;amd64&amp;apos;, os.version: &amp;apos;6.1&amp;apos;, java.version: &amp;apos;1.8.0_191&amp;apos;
Driver info: org.openqa.selenium.chrome.ChromeDriver
Capabilities {acceptInsecureCerts: false, acceptSslCerts: false, applicationCacheEnabled: false, browserConnectionEnabled: false, browserName: chrome, chrome: {chromedriverVersion: 2.44.609538 (b655c5a60b0b54..., userDataDir: C:\Users\IBM_AD~1\AppData\L...}, cssSelectorsEnabled: true, databaseEnabled: false, goog:chromeOptions: {debuggerAddress: localhost:50769}, handlesAlerts: true, hasTouchScreen: false, javascriptEnabled: true, locationContextEnabled: true, mobileEmulationEnabled: false, nativeEvents: true, networkConnectionEnabled: false, pageLoadStrategy: normal, platform: XP, platformName: XP, rotatable: false, setWindowRect: true, takesHeapSnapshot: true, takesScreenshot: true, unexpectedAlertBehaviour: ignore, unhandledPromptBehavior: ignore, version: 75.0.3770.90, webStorageEnabled: true}
Session ID: 5bb10724f338c3cd211802325cc15ce4">
      <![CDATA[org.openqa.selenium.WebDriverException: chrome not reachable
  (Session info: chrome=75.0.3770.90)
  (Driver info: chromedriver=2.44.609538 (b655c5a60b0b544917107a59d4153d4bf78e1b90),platform=Windows NT 6.1.7601 SP1 x86_64) (WARNING: The server did not provide any stacktrace information)
Command duration or timeout: 0 milliseconds
Build info: version: '3.141.59', revision: 'e82be7d358', time: '2018-11-14T08:25:53'
System info: host: 'SDATTA', ip: '169.254.251.241', os.name: 'Windows 7', os.arch: 'amd64', os.version: '6.1', java.version: '1.8.0_191'
Driver info: org.openqa.selenium.chrome.ChromeDriver
Capabilities {acceptInsecureCerts: false, acceptSslCerts: false, applicationCacheEnabled: false, browserConnectionEnabled: false, browserName: chrome, chrome: {chromedriverVersion: 2.44.609538 (b655c5a60b0b54..., userDataDir: C:\Users\IBM_AD~1\AppData\L...}, cssSelectorsEnabled: true, databaseEnabled: false, goog:chromeOptions: {debuggerAddress: localhost:50769}, handlesAlerts: true, hasTouchScreen: false, javascriptEnabled: true, locationContextEnabled: true, mobileEmulationEnabled: false, nativeEvents: true, networkConnectionEnabled: false, pageLoadStrategy: normal, platform: XP, platformName: XP, rotatable: false, setWindowRect: true, takesHeapSnapshot: true, takesScreenshot: true, unexpectedAlertBehaviour: ignore, unhandledPromptBehavior: ignore, version: 75.0.3770.90, webStorageEnabled: true}
Session ID: 5bb10724f338c3cd211802325cc15ce4
at org.openqa.selenium.remote.ErrorHandler.createThrowable(ErrorHandler.java:214)
at org.openqa.selenium.remote.ErrorHandler.throwIfResponseFailed(ErrorHandler.java:166)
at org.openqa.selenium.remote.http.JsonHttpResponseCodec.reconstructValue(JsonHttpResponseCodec.java:40)
at org.openqa.selenium.remote.http.AbstractHttpResponseCodec.decode(AbstractHttpResponseCodec.java:80)
at org.openqa.selenium.remote.http.AbstractHttpResponseCodec.decode(AbstractHttpResponseCodec.java:44)
at org.openqa.selenium.remote.HttpCommandExecutor.execute(HttpCommandExecutor.java:158)
at org.openqa.selenium.remote.service.DriverCommandExecutor.execute(DriverCommandExecutor.java:83)
at org.openqa.selenium.remote.RemoteWebDriver.execute(RemoteWebDriver.java:552)
at org.openqa.selenium.remote.RemoteWebDriver.execute(RemoteWebDriver.java:609)
at org.openqa.selenium.remote.RemoteWebDriver.getCurrentUrl(RemoteWebDriver.java:287)
at test.verify.verifyHomepageTitle(verify.java:30)
... Removed 29 stack frames]]>
    </failure>
  </testcase> <!-- verifyHomepageTitle -->
  <testcase name="apiloginhome4" time="0.003" classname="test.day4"/>
  <testcase name="show1" time="0.001" classname="test.first"/>
  <testcase name="show3" time="0.0" classname="test.first">
    <failure type="org.testng.TestNGException" message="
Parameter &amp;apos;url&amp;apos; is required by @Test on method show3 but has not been marked @Optional or defined
in C:\Selenium\TestNGTutorial\testng2.xml">
      <![CDATA[org.testng.TestNGException: 
Parameter 'url' is required by @Test on method show3 but has not been marked @Optional or defined
in C:\Selenium\TestNGTutorial\testng2.xml
... Removed 24 stack frames]]>
    </failure>
  </testcase> <!-- show3 -->
  <testcase name="show30" time="0.0" classname="test.first">
    <failure type="org.testng.TestNGException" message="
Parameter &amp;apos;url1&amp;apos; is required by @Test on method show30 but has not been marked @Optional or defined
in C:\Selenium\TestNGTutorial\testng2.xml">
      <![CDATA[org.testng.TestNGException: 
Parameter 'url1' is required by @Test on method show30 but has not been marked @Optional or defined
in C:\Selenium\TestNGTutorial\testng2.xml
... Removed 24 stack frames]]>
    </failure>
  </testcase> <!-- show30 -->
  <testcase name="show40" time="0.001" classname="test.first"/>
  <testcase name="fan" time="0.0" classname="test.third">
    <ignored/>
  </testcase> <!-- fan -->
</testsuite> <!-- Personal Loan -->
